2015/06/05 12:18:59.042		ClassLogWrite.New

2015/06/05 12:20:48.333		ClassLogWrite.New	---------------   LogWrite Start   ---------------

2015/06/05 12:22:03.231	ClassLogWrite.New	---------------   LogWrite Start   ---------------

2015/06/05 12:27:58.610	ClassLogWrite.New	---------------   LogWrite Start   ---------------

2015/06/05 12:28:01.733	ClassLogWrite.Finalize	---------------   LogWrite END   ---------------

2015/06/05 02:32:44.907	ClassLogWrite.New	---------------   LogWrite Start   ---------------
2015/06/05 02:32:46.876	LoginForm KeyDown	SELECT終了
2015/06/05 02:32:50.190	LoginForm Button2_Click	終了ボタン押下
2015/06/05 02:32:50.202	ClassLogWrite.Finalize	---------------   LogWrite END   ---------------
2015/06/05 02:41:23.304	ClassLogWrite.New	---------------   LogWrite Start   ---------------
2015/06/05 02:41:25.334	LoginForm KeyDown	SELECT終了
2015/06/05 02:41:26.251	LoginForm ButtonStart	開始ボタン押下 社員ID高橋　達
2015/06/05 02:41:28.007	MenuForm ButtonBook	書籍マスタ管理画面押下
2015/06/05 02:41:28.105	BookMst FirstSetting	初期設定終了
2015/06/05 02:41:29.127	BookMst ButtonList	一覧ボタン押下
2015/06/05 02:41:29.404	BookList BookListLoad	初期設定
2015/06/05 02:41:29.444	BookList DgvLoad	設定内容
分類：-- 分類検索 --
状態：-- 状態検索 --
検索ワード：
2015/06/05 02:41:57.540	BookList ButtonReturn	戻る押下
2015/06/05 02:41:58.899	BookMst ButtonList	一覧ボタン押下
2015/06/05 02:41:59.058	BookList BookListLoad	初期設定
2015/06/05 02:41:59.066	BookList DgvLoad	設定内容
分類：-- 分類検索 --
状態：-- 状態検索 --
検索ワード：
2015/06/05 02:42:58.771	BookList ButtonReturn	戻る押下
2015/06/05 02:42:59.236	BookMst ButtonReturn	戻るボタン押下
2015/06/05 02:42:59.965	MenuForm ButtonReturn	戻る押下
2015/06/05 02:43:00.437	ClassLogWrite.Finalize	---------------   LogWrite END   ---------------
2015/06/05 04:02:40.123	ClassLogWrite.New	---------------   LogWrite Start   ---------------
2015/06/05 04:02:42.069	LoginForm KeyDown	SELECT終了
2015/06/05 04:02:42.907	LoginForm ButtonStart	開始ボタン押下 社員名高橋　達
2015/06/05 04:02:44.822	MenuForm ButtonClassification	分類マスタ押下
2015/06/05 04:02:54.672	ButtonSignup_Click	登録完了 SQL : INSERT INTO BUNRUI_MST VALUES('10','aefiawfj')
2015/06/05 04:02:55.990	ButtonDelete_Click	削除完了 SQL : DELETE FROM BUNRUI_MST WHERE BUNRUI_CD = '10'
2015/06/05 04:02:57.228	ButtonReturn_Click	戻る押下
2015/06/05 04:02:57.925	MenuForm ButtonReturn	戻る押下
2015/06/05 04:02:58.781	ClassLogWrite.Finalize	---------------   LogWrite END   ---------------
2015/06/05 04:04:02.264		ClassLogWrite.New	---------------   LogWrite Start   ---------------
2015/06/05 04:04:04.217		LoginForm KeyDown	SELECT終了
2015/06/05 04:04:04.887		LoginForm ButtonStart	開始ボタン押下 社員名高橋　達
2015/06/05 04:04:11.192		MenuForm ButtonClassification	分類マスタ押下
2015/06/05 04:04:16.491		ButtonSignup_Click	登録完了 SQL : INSERT INTO BUNRUI_MST VALUES('10','agewg')
2015/06/05 04:04:17.534		ButtonDelete_Click	削除完了 SQL : DELETE FROM BUNRUI_MST WHERE BUNRUI_CD = '10'
2015/06/05 04:04:18.963		ButtonReturn_Click	戻る押下
2015/06/05 04:04:19.653		MenuForm ButtonReturn	戻る押下
2015/06/05 04:04:21.343		ClassLogWrite.Finalize	---------------   LogWrite END   ---------------
2015/06/05 04:05:08.176	ClassLogWrite.New		---------------   LogWrite Start   ---------------
2015/06/05 04:05:14.779	LoginForm KeyDown		SELECT終了
2015/06/05 04:05:15.443	LoginForm ButtonStart		開始ボタン押下 社員名高橋　達
2015/06/05 04:05:16.494	MenuForm ButtonClassification		分類マスタ押下
2015/06/05 04:05:17.507	ButtonReturn_Click		戻る押下
2015/06/05 04:05:18.144	MenuForm ButtonReturn		戻る押下
2015/06/05 04:05:19.012	ClassLogWrite.Finalize		---------------   LogWrite END   ---------------
2015/06/05 05:28:15.029	ClassLogWrite.New		---------------   LogWrite Start   ---------------
2015/06/05 05:28:17.594	LoginForm KeyDown		SELECT終了
2015/06/05 05:28:18.326	LoginForm ButtonStart		開始ボタン押下 社員名高橋　達
2015/06/05 05:28:20.176	MenuForm ButtonClassification		分類マスタ押下
2015/06/05 05:28:20.880	WindowsApplication1.ClassificationMstButtonReturn_Click		戻る押下
2015/06/05 05:28:22.450	ClassLogWrite.Finalize		---------------   LogWrite END   ---------------
2015/06/05 05:31:49.099	ClassLogWrite.New		---------------   LogWrite Start   ---------------
2015/06/05 05:31:53.717	LoginForm KeyDown		SELECT終了
2015/06/05 05:31:54.543	LoginForm ButtonStart		開始ボタン押下 社員名高橋　達
2015/06/05 05:31:55.058	MenuForm ButtonBook		書籍マスタ管理画面押下
2015/06/05 05:31:55.121	BookMst FirstSetting		初期設定終了
2015/06/05 05:31:55.838	BookMst ButtonReturn		戻る押下
2015/06/05 05:31:57.401	MenuForm ButtonClassification		分類マスタ押下
2015/06/05 05:31:57.978	ClassificationMstButtonReturn_Click		戻る押下
2015/06/05 05:31:59.429	ClassLogWrite.Finalize		---------------   LogWrite END   ---------------
2015/06/05 05:35:24.201	ClassLogWrite.New		---------------   LogWrite Start   ---------------
2015/06/05 05:35:26.104	FormloginTextBoxStaff_PreviewKeyDown		SELECT終了
2015/06/05 05:35:26.776	FormloginButtonStart_Click		開始ボタン押下 社員名高橋　達
2015/06/05 05:35:28.414	MenuFormButtonBook_Click		書籍マスタ管理画面押下
2015/06/05 05:35:28.461	BookMstFirstSetting		初期設定終了
2015/06/05 05:35:29.350	BookMstButtonReturn_Click		戻る押下
2015/06/05 05:35:30.223	MenuFormButtonClassification_Click		分類マスタ押下
2015/06/05 05:35:30.676	ClassificationMstButtonReturn_Click		戻る押下
2015/06/05 05:35:31.097	MenuFormButtonRental_Click		貸出処理画面押下
2015/06/05 05:35:32.517	ClassLogWrite.Finalize		---------------   LogWrite END   ---------------
