2015/05/08 13:43:48		Start	CheckedARadio
2015/05/08 13:43:48		Start	KyuukeiS1Change12
2015/05/08 13:43:48		Start	KyuukeiS2Change00
2015/05/08 13:43:48		Start	KyuukeiE1Change13
2015/05/08 13:43:48		Start	KyuukeiE2Change00
2015/05/08 13:43:48		Start	form1_Load
2015/05/08 13:43:48		Start	ComboBox1_SelectedIndexChanged	テキストファイル
2015/05/08 13:43:50		Start	Exit_Click

2015/05/08 15:51:25		Start	CheckedARadio
2015/05/08 15:51:25		Start	KyuukeiS1Change12
2015/05/08 15:51:25		Start	KyuukeiS2Change00
2015/05/08 15:51:25		Start	KyuukeiE1Change13
2015/05/08 15:51:25		Start	KyuukeiE2Change00
2015/05/08 15:51:25		Start	form1_Load
2015/05/08 15:51:25		Start	ComboBox1_SelectedIndexChanged	テキストファイル
2015/05/08 15:51:27		Start	CheckedARadio
2015/05/08 15:51:27		Start	CheckedBRadio
2015/05/08 15:51:27		Start	CheckedBRadio
2015/05/08 15:51:27		Start	CheckedCRadio
2015/05/08 15:51:28		Start	CheckedCRadio
2015/05/08 15:51:28		Start	CheckedBRadio
2015/05/08 15:51:28		Start	CheckedBRadio
2015/05/08 15:51:28		Start	CheckedARadio
2015/05/08 15:51:29		Start	Exit_Click
2015/05/08 15:54:12		Start	CheckedARadio
2015/05/08 15:54:12		Start	KyuukeiS1Change12
2015/05/08 15:54:12		Start	KyuukeiS2Change00
2015/05/08 15:54:12		Start	KyuukeiE1Change13
2015/05/08 15:54:12		Start	KyuukeiE2Change00
2015/05/08 15:54:12		Start	form1_Load
2015/05/08 15:54:12		Start	ComboBox1_SelectedIndexChanged	テキストファイル
2015/05/08 15:54:13		Start	Exit_Click

2015/05/08 15:54:42		Start	CheckedARadio
2015/05/08 15:54:42		Start	KyuukeiS1Change12
2015/05/08 15:54:42		Start	KyuukeiS2Change00
2015/05/08 15:54:42		Start	KyuukeiE1Change13
2015/05/08 15:54:42		Start	KyuukeiE2Change00
2015/05/08 15:54:42		Start	form1_Load
2015/05/08 15:54:42		Start	ComboBox1_SelectedIndexChanged	テキストファイル
2015/05/08 15:54:43		Start	CheckedARadio
2015/05/08 15:54:43		Start	CheckedCRadio
2015/05/08 15:54:43		Start	CheckedCRadio
2015/05/08 15:54:43		Start	CheckedBRadio
2015/05/08 15:54:44		Start	CheckedBRadio
2015/05/08 15:54:44		Start	CheckedARadio
2015/05/08 15:54:46		Start	KyuukeiS2Change2
2015/05/08 15:54:47		Start	KyuukeiS2Change20
2015/05/08 15:54:48		Start	Exit_Click

2015/05/08 04:05:45.267 		Start	CheckedARadio
2015/05/08 04:05:45.270 		Start	KyuukeiS1Change12
2015/05/08 04:05:45.272 		Start	KyuukeiS2Change00
2015/05/08 04:05:45.274 		Start	KyuukeiE1Change13
2015/05/08 04:05:45.276 		Start	KyuukeiE2Change00
2015/05/08 04:05:45.308 		Start	form1_Load
2015/05/08 04:05:45.324 		Start	ComboBox1_SelectedIndexChanged	テキストファイル
2015/05/08 04:05:47.291 		Start	Start_click
2015/05/08 04:05:48.523 		Start_click入力ファイルを選択してください
2015/05/08 04:05:49.293 		Start	Exit_Click

2015/05/08 04:05:52.977 		Start	CheckedARadio
2015/05/08 04:05:52.982 		Start	KyuukeiS1Change12
2015/05/08 04:05:52.985 		Start	KyuukeiS2Change00
2015/05/08 04:05:52.987 		Start	KyuukeiE1Change13
2015/05/08 04:05:52.990 		Start	KyuukeiE2Change00
2015/05/08 04:05:53.020 		Start	form1_Load
2015/05/08 04:05:53.032 		Start	ComboBox1_SelectedIndexChanged	テキストファイル
2015/05/08 04:05:53.767 		Start	Exit_Click

