2015/05/18 10:26:52.841		Start	CheckedARadio
2015/05/18 10:26:52.887		Start	KyuukeiS1Change12
2015/05/18 10:26:52.887		Start	KyuukeiS2Change00
2015/05/18 10:26:52.887		Start	KyuukeiE1Change13
2015/05/18 10:26:52.887		Start	KyuukeiE2Change00
2015/05/18 10:26:52.934		Start	form1_Load
2015/05/18 10:26:52.950		Start	ComboBox1_SelectedIndexChanged	テキストファイル
2015/05/18 10:26:57.630		Start	NyuuFile_Click	C:\Users\barnet\Desktop\1026-20150515.csv
2015/05/18 10:27:01.547		Start	ComboBox1_SelectedIndexChanged	PrimoPDF
2015/05/18 10:27:04.402		Start	ComboBox1_SelectedIndexChanged	テキストファイル
2015/05/18 10:27:12.358		Start	ComboBox1_SelectedIndexChanged	PrimoPDF
2015/05/18 10:27:22.077		Start	Start_click
2015/05/18 10:27:56.586		Start	Start_click
2015/05/18 10:29:27.681		Start	CheckedARadio
2015/05/18 10:29:27.696		Start	KyuukeiS1Change12
2015/05/18 10:29:27.696		Start	KyuukeiS2Change00
2015/05/18 10:29:27.696		Start	KyuukeiE1Change13
2015/05/18 10:29:27.696		Start	KyuukeiE2Change00
2015/05/18 10:29:27.728		Start	form1_Load
2015/05/18 10:29:27.743		Start	ComboBox1_SelectedIndexChanged	テキストファイル
2015/05/18 10:29:30.897		Start	NyuuFile_Click	C:\Users\barnet\Desktop\1026-20150515.csv
2015/05/18 10:29:32.707		Start	ComboBox1_SelectedIndexChanged	PrimoPDF
2015/05/18 10:29:42.114		Start	Start_click
2015/05/18 10:30:04.190		PrintDocument1_PrintPageSystem.FormatException: 入力文字列の形式が正しくありません。
   場所 System.TimeSpan.StringParser.Parse(String s)
   場所 System.TimeSpan.Parse(String s)
   場所 WindowsApplication2.Form1.PrintDocument1_PrintPage(Object sender, PrintPageEventArgs e) 場所 C:\Users\barnet\Desktop\program\timecard\timecard\Form1.vb:行 1515
2015/05/18 10:30:12.598		Start	Exit_Click

2015/05/18 10:30:38.309		Start	CheckedARadio
2015/05/18 10:30:38.309		Start	KyuukeiS1Change12
2015/05/18 10:30:38.325		Start	KyuukeiS2Change00
2015/05/18 10:30:38.325		Start	KyuukeiE1Change13
2015/05/18 10:30:38.325		Start	KyuukeiE2Change00
2015/05/18 10:30:38.356		Start	form1_Load
2015/05/18 10:30:38.372		Start	ComboBox1_SelectedIndexChanged	テキストファイル
2015/05/18 10:30:42.162		Start	NyuuFile_Click	C:\Users\barnet\Desktop\1026-20150515.csv
2015/05/18 10:30:43.457		Start	ComboBox1_SelectedIndexChanged	PrimoPDF
2015/05/18 10:30:48.917		Start	Start_click
2015/05/18 10:30:58.917		Start	Exit_Click

2015/05/18 10:34:40.424		Start	CheckedARadio
2015/05/18 10:34:40.424		Start	KyuukeiS1Change12
2015/05/18 10:34:40.424		Start	KyuukeiS2Change00
2015/05/18 10:34:40.440		Start	KyuukeiE1Change13
2015/05/18 10:34:40.440		Start	KyuukeiE2Change00
2015/05/18 10:34:40.471		Start	form1_Load
2015/05/18 10:34:40.486		Start	ComboBox1_SelectedIndexChanged	テキストファイル
2015/05/18 10:34:43.466		Start	NyuuFile_Click	C:\Users\barnet\Desktop\1026-20150515.csv
2015/05/18 10:34:44.714		Start	ComboBox1_SelectedIndexChanged	PrimoPDF
2015/05/18 10:34:52.623		Start	Start_click
2015/05/18 10:36:13.703		Start	CheckedARadio
2015/05/18 10:36:13.703		Start	KyuukeiS1Change12
2015/05/18 10:36:13.718		Start	KyuukeiS2Change00
2015/05/18 10:36:13.718		Start	KyuukeiE1Change13
2015/05/18 10:36:13.718		Start	KyuukeiE2Change00
2015/05/18 10:36:13.749		Start	form1_Load
2015/05/18 10:36:13.765		Start	ComboBox1_SelectedIndexChanged	テキストファイル
2015/05/18 10:36:16.651		Start	NyuuFile_Click	C:\Users\barnet\Desktop\1026-20150515.csv
2015/05/18 10:36:17.915		Start	ComboBox1_SelectedIndexChanged	PrimoPDF
2015/05/18 10:36:26.432		Start	Start_click
2015/05/18 12:40:36.098		Start	CheckedARadio
2015/05/18 12:40:36.114		Start	KyuukeiS1Change12
2015/05/18 12:40:36.114		Start	KyuukeiS2Change00
2015/05/18 12:40:36.114		Start	KyuukeiE1Change13
2015/05/18 12:40:36.114		Start	KyuukeiE2Change00
2015/05/18 12:40:36.145		Start	form1_Load
2015/05/18 12:40:36.161		Start	ComboBox1_SelectedIndexChanged	テキストファイル
2015/05/18 12:40:42.619		Start	NyuuFile_Click	C:\Users\barnet\Desktop\1026-20150515.csv
2015/05/18 12:40:44.070		Start	ComboBox1_SelectedIndexChanged	PrimoPDF
2015/05/18 12:40:49.436		Start	Start_click
