2015/05/28 10:31:12.318		Start	CheckedARadio
2015/05/28 10:31:12.329		Start	KyuukeiS1Change12
2015/05/28 10:31:12.331		Start	KyuukeiS2Change00
2015/05/28 10:31:12.333		Start	KyuukeiE1Change13
2015/05/28 10:31:12.335		Start	KyuukeiE2Change00
2015/05/28 10:31:12.374		Start	form1_Load
2015/05/28 10:31:12.391		Start	ComboBox1_SelectedIndexChanged	テキストファイル
2015/05/28 10:31:17.664		Start	NyuuFile_Click	C:\Users\barnet\Desktop\1026-20150515.csv
2015/05/28 10:31:19.550		Start	ComboBox1_SelectedIndexChanged	PrimoPDF
2015/05/28 10:31:32.434		Start	Start_click
2015/05/28 10:41:24.250		Start	Exit_Click

2015/05/28 12:33:10.967		Start	CheckedARadio
2015/05/28 12:33:10.970		Start	KyuukeiS1Change12
2015/05/28 12:33:10.972		Start	KyuukeiS2Change00
2015/05/28 12:33:10.973		Start	KyuukeiE1Change13
2015/05/28 12:33:10.975		Start	KyuukeiE2Change00
2015/05/28 12:33:11.015		Start	form1_Load
2015/05/28 12:33:11.027		Start	ComboBox1_SelectedIndexChanged	テキストファイル
2015/05/28 12:33:13.767		Start	NyuuFile_Click	C:\Users\barnet\Desktop\1026-20150515.csv
2015/05/28 12:33:15.762		Start	ComboBox1_SelectedIndexChanged	PrimoPDF
2015/05/28 12:33:24.751		Start	Start_click
2015/05/28 12:33:43.966		Start	CheckedARadio
2015/05/28 12:33:43.971		Start	KyuukeiS1Change12
2015/05/28 12:33:43.973		Start	KyuukeiS2Change00
2015/05/28 12:33:43.974		Start	KyuukeiE1Change13
2015/05/28 12:33:43.976		Start	KyuukeiE2Change00
2015/05/28 12:33:44.007		Start	form1_Load
2015/05/28 12:33:44.020		Start	ComboBox1_SelectedIndexChanged	テキストファイル
